{"level":"info","message":"Serveur démarré sur le port 3000","timestamp":"2025-06-21T14:16:03.329Z"}
{"level":"info","message":"Serveur démarré sur le port 3000","timestamp":"2025-06-21T14:34:30.031Z"}
{"level":"info","message":"Serveur démarré sur le port 3000","timestamp":"2025-06-21T14:34:37.427Z"}
{"level":"info","message":"Serveur démarré sur le port 3000","timestamp":"2025-06-21T14:35:07.405Z"}
{"level":"info","message":"Serveur démarré sur le port 3000","timestamp":"2025-06-21T14:35:08.241Z"}
{"level":"info","message":"Serveur démarré sur le port 3000","timestamp":"2025-06-21T14:35:10.651Z"}
{"level":"info","message":"Serveur démarré sur le port 3000","timestamp":"2025-06-21T14:36:30.852Z"}
{"level":"info","message":"Serveur démarré sur le port 3000","timestamp":"2025-06-21T14:36:33.762Z"}
{"level":"info","message":"Serveur démarré sur le port 3000","timestamp":"2025-06-21T14:36:42.604Z"}
{"level":"info","message":"Serveur démarré sur le port 3000","timestamp":"2025-06-21T14:36:51.778Z"}
{"level":"info","message":"Serveur démarré sur le port 3000","timestamp":"2025-06-21T14:36:52.845Z"}
{"level":"info","message":"Serveur démarré sur le port 3000","timestamp":"2025-06-25T14:12:22.558Z"}
{"level":"info","message":"Serveur démarré sur le port 3000","timestamp":"2025-06-25T14:31:55.295Z"}
{"level":"info","message":"Serveur démarré sur le port 3000","timestamp":"2025-06-25T14:58:18.957Z"}
{"level":"info","message":"Serveur démarré sur le port 3000","timestamp":"2025-06-25T15:19:51.737Z"}
{"level":"info","message":"Serveur démarré sur le port 3000","timestamp":"2025-06-25T15:19:52.978Z"}
{"level":"info","message":"Serveur démarré sur le port 3000","timestamp":"2025-06-25T15:19:57.414Z"}
{"level":"info","message":"Serveur démarré sur le port 3000","timestamp":"2025-06-25T15:21:35.620Z"}
{"level":"info","message":"Serveur démarré sur le port 3000","timestamp":"2025-06-25T15:21:39.064Z"}
{"level":"info","message":"Serveur démarré sur le port 3000","timestamp":"2025-06-25T15:21:40.890Z"}
{"level":"info","message":"Serveur démarré sur le port 4545","timestamp":"2025-06-25T15:22:21.689Z"}
{"level":"info","message":"Serveur démarré sur le port 4545","timestamp":"2025-06-25T15:22:26.882Z"}
{"level":"info","message":"GET /api/attendances 500 5159ms","meta":{"req":{"headers":{"accept":"*/*","accept-encoding":"gzip, deflate, br","connection":"keep-alive","host":"localhost:4545","postman-token":"d13122c3-8474-48f1-9136-ab7f5fc7f19b","user-agent":"PostmanRuntime/7.44.0"},"httpVersion":"1.1","method":"GET","originalUrl":"/api/attendances","query":{},"url":"/api/attendances"},"res":{"statusCode":500},"responseTime":5159},"timestamp":"2025-06-25T15:23:31.416Z"}
{"level":"info","message":"GET /api/attendances 200 2529ms","meta":{"req":{"headers":{"accept":"*/*","accept-encoding":"gzip, deflate, br","connection":"keep-alive","host":"localhost:4545","postman-token":"d8b26678-d1e8-43ee-8b77-fd0146a9031a","user-agent":"PostmanRuntime/7.44.0"},"httpVersion":"1.1","method":"GET","originalUrl":"/api/attendances","query":{},"url":"/api/attendances"},"res":{"statusCode":200},"responseTime":2529},"timestamp":"2025-06-25T15:23:52.189Z"}
{"level":"info","message":"GET /api/attendances 200 453ms","meta":{"req":{"headers":{"accept":"*/*","accept-encoding":"gzip, deflate, br","connection":"keep-alive","host":"localhost:4545","postman-token":"16475c9c-d636-4eae-8e0b-ebf9cf25bf84","user-agent":"PostmanRuntime/7.44.0"},"httpVersion":"1.1","method":"GET","originalUrl":"/api/attendances","query":{},"url":"/api/attendances"},"res":{"statusCode":200},"responseTime":453},"timestamp":"2025-06-25T15:24:07.628Z"}
{"level":"info","message":"Serveur démarré sur le port 4545","timestamp":"2025-06-25T15:24:17.362Z"}
{"level":"info","message":"GET /api/attendances 200 2080ms","meta":{"req":{"headers":{"accept":"*/*","accept-encoding":"gzip, deflate, br","connection":"keep-alive","host":"localhost:4545","postman-token":"482ad697-7d70-4e84-bc74-6b20d468bd66","user-agent":"PostmanRuntime/7.44.0"},"httpVersion":"1.1","method":"GET","originalUrl":"/api/attendances","query":{},"url":"/api/attendances"},"res":{"statusCode":200},"responseTime":2080},"timestamp":"2025-06-25T15:24:28.477Z"}
{"level":"info","message":"GET /api/attendances 200 440ms","meta":{"req":{"headers":{"accept":"*/*","accept-encoding":"gzip, deflate, br","connection":"keep-alive","host":"localhost:4545","postman-token":"33b7094c-df95-4f62-bb03-68db4fe25643","user-agent":"PostmanRuntime/7.44.0"},"httpVersion":"1.1","method":"GET","originalUrl":"/api/attendances","query":{},"url":"/api/attendances"},"res":{"statusCode":200},"responseTime":440},"timestamp":"2025-06-25T15:24:46.008Z"}
{"level":"info","message":"GET /api/attendances 200 443ms","meta":{"req":{"headers":{"accept":"*/*","accept-encoding":"gzip, deflate, br","connection":"keep-alive","host":"localhost:4545","postman-token":"2f54c19d-b510-45e5-b00f-590246d7cd8e","user-agent":"PostmanRuntime/7.44.0"},"httpVersion":"1.1","method":"GET","originalUrl":"/api/attendances","query":{},"url":"/api/attendances"},"res":{"statusCode":200},"responseTime":443},"timestamp":"2025-06-25T15:25:02.492Z"}
{"level":"info","message":"GET /api/attendances 200 234ms","meta":{"req":{"headers":{"accept":"*/*","accept-encoding":"gzip, deflate, br","connection":"keep-alive","host":"localhost:4545","postman-token":"7bf6ceb6-ae74-450c-bfe2-82540f588b14","user-agent":"PostmanRuntime/7.44.0"},"httpVersion":"1.1","method":"GET","originalUrl":"/api/attendances","query":{},"url":"/api/attendances"},"res":{"statusCode":200},"responseTime":234},"timestamp":"2025-06-25T15:25:09.888Z"}
{"level":"info","message":"GET /api/attendances 200 444ms","meta":{"req":{"headers":{"accept":"*/*","accept-encoding":"gzip, deflate, br","connection":"keep-alive","host":"localhost:4545","postman-token":"75d427cf-642e-43a2-adda-8d1fd76e8a19","user-agent":"PostmanRuntime/7.44.0"},"httpVersion":"1.1","method":"GET","originalUrl":"/api/attendances","query":{},"url":"/api/attendances"},"res":{"statusCode":200},"responseTime":444},"timestamp":"2025-06-25T15:25:47.688Z"}
{"level":"info","message":"GET /api/attendances 200 437ms","meta":{"req":{"headers":{"accept":"*/*","accept-encoding":"gzip, deflate, br","connection":"keep-alive","host":"localhost:4545","postman-token":"2aa477cb-ca5b-4b8c-8cf6-6a1ffae142a9","user-agent":"PostmanRuntime/7.44.0"},"httpVersion":"1.1","method":"GET","originalUrl":"/api/attendances","query":{},"url":"/api/attendances"},"res":{"statusCode":200},"responseTime":437},"timestamp":"2025-06-25T15:26:21.065Z"}
{"level":"info","message":"Serveur démarré sur le port 4545","timestamp":"2025-06-25T15:35:52.694Z"}
{"level":"info","message":"GET /api/attendances 200 2765ms","meta":{"req":{"headers":{"accept":"*/*","accept-encoding":"gzip, deflate, br","connection":"keep-alive","host":"localhost:4545","postman-token":"b4f8d4e7-a94d-45f2-8e74-8f826b4191ef","user-agent":"PostmanRuntime/7.44.0"},"httpVersion":"1.1","method":"GET","originalUrl":"/api/attendances","query":{},"url":"/api/attendances"},"res":{"statusCode":200},"responseTime":2765},"timestamp":"2025-06-25T15:36:02.662Z"}
{"level":"info","message":"GET /api/attendances 200 222ms","meta":{"req":{"headers":{"accept":"*/*","accept-encoding":"gzip, deflate, br","connection":"keep-alive","host":"localhost:4545","postman-token":"ea05c86b-b033-4300-8229-6d4342cc9ba4","user-agent":"PostmanRuntime/7.44.0"},"httpVersion":"1.1","method":"GET","originalUrl":"/api/attendances","query":{},"url":"/api/attendances"},"res":{"statusCode":200},"responseTime":222},"timestamp":"2025-06-25T15:36:17.253Z"}
{"level":"info","message":"Serveur démarré sur le port 4545","timestamp":"2025-06-25T15:38:46.418Z"}
{"level":"info","message":"Serveur démarré sur le port 4545","timestamp":"2025-06-25T15:40:31.109Z"}
{"level":"info","message":"Serveur démarré sur le port 4545","timestamp":"2025-06-25T15:41:40.333Z"}
{"level":"info","message":"Serveur démarré sur le port 4545","timestamp":"2025-06-25T15:41:46.056Z"}
{"level":"info","message":"Serveur démarré sur le port 4545","timestamp":"2025-06-25T15:41:51.499Z"}
{"level":"info","message":"Serveur démarré sur le port 4545","timestamp":"2025-06-25T15:42:24.037Z"}
{"level":"info","message":"Serveur démarré sur le port 4545","timestamp":"2025-06-25T15:43:22.296Z"}
{"level":"info","message":"Serveur démarré sur le port 4545","timestamp":"2025-06-25T15:43:26.922Z"}
{"level":"info","message":"Serveur démarré sur le port 4545","timestamp":"2025-06-25T15:43:33.238Z"}
{"level":"info","message":"Serveur démarré sur le port 4545","timestamp":"2025-06-25T15:44:45.373Z"}
{"level":"info","message":"Serveur démarré sur le port 4545","timestamp":"2025-06-25T15:44:53.476Z"}
{"level":"info","message":"Serveur démarré sur le port 4545","timestamp":"2025-06-25T15:48:04.157Z"}
{"level":"info","message":"Serveur démarré sur le port 4545","timestamp":"2025-06-25T15:48:19.033Z"}
{"level":"info","message":"GET /api/attendances 200 2606ms","meta":{"req":{"headers":{"accept":"*/*","accept-encoding":"gzip, deflate, br","connection":"keep-alive","host":"localhost:4545","postman-token":"3f38568b-8a68-472d-bf0a-3c21436541b8","user-agent":"PostmanRuntime/7.44.0"},"httpVersion":"1.1","method":"GET","originalUrl":"/api/attendances","query":{},"url":"/api/attendances"},"res":{"statusCode":200},"responseTime":2606},"timestamp":"2025-06-25T15:48:57.321Z"}
{"level":"info","message":"Serveur démarré sur le port 4545","timestamp":"2025-06-26T11:22:51.376Z"}
{"level":"info","message":"GET /api/attendances 200 3037ms","meta":{"req":{"headers":{"accept":"*/*","accept-encoding":"gzip, deflate, br","connection":"keep-alive","host":"localhost:4545","postman-token":"2ccf5184-cf70-4802-9bfd-09375676e7fe","user-agent":"PostmanRuntime/7.44.1"},"httpVersion":"1.1","method":"GET","originalUrl":"/api/attendances","query":{},"url":"/api/attendances"},"res":{"statusCode":200},"responseTime":3037},"timestamp":"2025-06-26T11:40:30.831Z"}
{"level":"info","message":"Serveur démarré sur le port 4545","timestamp":"2025-06-26T12:04:00.273Z"}
{"level":"info","message":"Serveur démarré sur le port 4545","timestamp":"2025-06-26T12:04:07.089Z"}
{"level":"info","message":"Serveur démarré sur le port 4545","timestamp":"2025-06-26T12:04:14.500Z"}
{"level":"info","message":"Serveur démarré sur le port 4545","timestamp":"2025-06-26T12:04:56.023Z"}
{"level":"info","message":"Serveur démarré sur le port 4545","timestamp":"2025-06-26T12:05:56.534Z"}
{"level":"info","message":"Serveur démarré sur le port 4545","timestamp":"2025-06-26T12:07:26.087Z"}
{"level":"info","message":"Serveur démarré sur le port 4545","timestamp":"2025-06-26T12:07:30.913Z"}
{"level":"info","message":"Serveur démarré sur le port 4545","timestamp":"2025-06-26T12:07:37.441Z"}
{"level":"info","message":"Serveur démarré sur le port 4545","timestamp":"2025-06-26T12:07:40.534Z"}
{"level":"info","message":"Serveur démarré sur le port 4545","timestamp":"2025-06-26T12:07:57.494Z"}
{"level":"info","message":"Serveur démarré sur le port 4545","timestamp":"2025-06-26T12:08:20.536Z"}
{"level":"info","message":"Serveur démarré sur le port 4545","timestamp":"2025-06-26T12:08:29.833Z"}
{"level":"info","message":"Serveur démarré sur le port 4545","timestamp":"2025-06-26T12:09:11.164Z"}
{"level":"info","message":"Serveur démarré sur le port 4545","timestamp":"2025-06-26T12:14:48.874Z"}
{"level":"info","message":"Serveur démarré sur le port 4545","timestamp":"2025-06-26T12:14:51.604Z"}
{"level":"info","message":"Serveur démarré sur le port 4545","timestamp":"2025-06-26T12:14:58.474Z"}
{"level":"info","message":"Serveur démarré sur le port 4545","timestamp":"2025-06-26T12:15:09.290Z"}
{"level":"info","message":"Serveur démarré sur le port 4545","timestamp":"2025-06-26T12:15:12.121Z"}
{"level":"info","message":"Serveur démarré sur le port 4545","timestamp":"2025-06-26T12:20:52.625Z"}
{"level":"info","message":"Serveur démarré sur le port 4545","timestamp":"2025-06-26T12:28:49.460Z"}
{"level":"info","message":"Serveur démarré sur le port 4545","timestamp":"2025-06-26T12:28:52.022Z"}
{"level":"info","message":"Serveur démarré sur le port 4545","timestamp":"2025-06-26T12:28:54.886Z"}
{"level":"info","message":"Serveur démarré sur le port 4545","timestamp":"2025-06-26T12:28:57.425Z"}
{"level":"info","message":"Serveur démarré sur le port 4545","timestamp":"2025-06-26T12:29:14.255Z"}
{"level":"info","message":"Serveur démarré sur le port 4545","timestamp":"2025-06-26T12:29:18.094Z"}
{"level":"info","message":"GET /api/attendances 200 2953ms","meta":{"req":{"headers":{"accept":"*/*","accept-encoding":"gzip, deflate, br","connection":"keep-alive","host":"localhost:4545","postman-token":"cbada564-1e89-4616-a941-3812f1674879","user-agent":"PostmanRuntime/7.44.1"},"httpVersion":"1.1","method":"GET","originalUrl":"/api/attendances","query":{},"url":"/api/attendances"},"res":{"statusCode":200},"responseTime":2953},"timestamp":"2025-06-26T12:29:46.415Z"}
{"level":"info","message":"Serveur démarré sur le port 4545","timestamp":"2025-06-26T12:33:07.168Z"}
{"level":"info","message":"Serveur démarré sur le port 4545","timestamp":"2025-06-26T12:33:10.147Z"}
{"level":"info","message":"Serveur démarré sur le port 4545","timestamp":"2025-06-26T12:33:12.342Z"}
{"level":"info","message":"Serveur démarré sur le port 4545","timestamp":"2025-06-26T12:33:15.026Z"}
{"level":"info","message":"Serveur démarré sur le port 4545","timestamp":"2025-06-26T12:33:30.389Z"}
{"level":"info","message":"GET /api/attendances 200 2264ms","meta":{"req":{"headers":{"accept":"*/*","accept-encoding":"gzip, deflate, br","connection":"keep-alive","host":"localhost:4545","postman-token":"85951148-b9f9-4f0f-be80-9b9e1c7a59eb","user-agent":"PostmanRuntime/7.44.1"},"httpVersion":"1.1","method":"GET","originalUrl":"/api/attendances","query":{},"url":"/api/attendances"},"res":{"statusCode":200},"responseTime":2264},"timestamp":"2025-06-26T12:33:59.922Z"}
{"level":"info","message":"Serveur démarré sur le port 4545","timestamp":"2025-06-26T12:35:04.807Z"}
{"level":"info","message":"Serveur démarré sur le port 4545","timestamp":"2025-06-26T12:35:06.080Z"}
{"level":"info","message":"Serveur démarré sur le port 4545","timestamp":"2025-06-26T12:35:21.549Z"}
{"level":"info","message":"Serveur démarré sur le port 4545","timestamp":"2025-06-26T12:36:32.071Z"}
{"level":"info","message":"Serveur démarré sur le port 4545","timestamp":"2025-06-26T12:38:36.989Z"}
{"level":"info","message":"Serveur démarré sur le port 4545","timestamp":"2025-06-26T12:38:47.577Z"}
{"level":"info","message":"Serveur démarré sur le port 4545","timestamp":"2025-06-26T12:38:55.146Z"}
{"level":"info","message":"Serveur démarré sur le port 4545","timestamp":"2025-06-26T12:39:44.396Z"}
{"level":"info","message":"Serveur démarré sur le port 4545","timestamp":"2025-06-26T12:39:47.280Z"}
{"level":"info","message":"Serveur démarré sur le port 4545","timestamp":"2025-06-26T12:39:49.235Z"}
{"level":"info","message":"Serveur démarré sur le port 4545","timestamp":"2025-06-26T12:39:50.794Z"}
{"level":"info","message":"Serveur démarré sur le port 4545","timestamp":"2025-06-26T12:39:53.440Z"}
{"level":"info","message":"Serveur démarré sur le port 4545","timestamp":"2025-06-26T12:39:56.151Z"}
{"level":"info","message":"Serveur démarré sur le port 4545","timestamp":"2025-06-26T12:40:06.423Z"}
{"level":"info","message":"Serveur démarré sur le port 4545","timestamp":"2025-06-26T12:40:13.618Z"}
{"level":"info","message":"Serveur démarré sur le port 4545","timestamp":"2025-06-26T12:40:16.218Z"}
{"level":"info","message":"Serveur démarré sur le port 4545","timestamp":"2025-06-26T12:40:18.470Z"}
{"level":"info","message":"Serveur démarré sur le port 4545","timestamp":"2025-06-26T12:40:46.170Z"}
{"level":"info","message":"Serveur démarré sur le port 4545","timestamp":"2025-06-26T12:40:50.302Z"}
{"level":"info","message":"Serveur démarré sur le port 4545","timestamp":"2025-06-26T12:40:53.950Z"}
{"level":"info","message":"Serveur démarré sur le port 4545","timestamp":"2025-06-26T12:40:55.479Z"}
{"level":"info","message":"Serveur démarré sur le port 4545","timestamp":"2025-06-26T12:41:00.183Z"}
{"level":"info","message":"Serveur démarré sur le port 4545","timestamp":"2025-06-26T12:41:01.159Z"}
{"level":"info","message":"Serveur démarré sur le port 4545","timestamp":"2025-06-26T12:41:07.061Z"}
{"level":"info","message":"Serveur démarré sur le port 4545","timestamp":"2025-06-26T12:44:08.451Z"}
{"level":"info","message":"Serveur démarré sur le port 4545","timestamp":"2025-06-26T12:44:09.316Z"}
{"level":"info","message":"Serveur démarré sur le port 4545","timestamp":"2025-06-26T12:44:12.172Z"}
{"level":"info","message":"Serveur démarré sur le port 4545","timestamp":"2025-06-26T12:44:14.451Z"}
{"level":"info","message":"Serveur démarré sur le port 4545","timestamp":"2025-06-26T12:44:18.668Z"}
{"level":"info","message":"Serveur démarré sur le port 4545","timestamp":"2025-06-26T12:44:21.093Z"}
{"level":"info","message":"Serveur démarré sur le port 4545","timestamp":"2025-06-26T12:44:25.030Z"}
{"level":"info","message":"Serveur démarré sur le port 4545","timestamp":"2025-06-26T12:44:28.110Z"}
{"level":"info","message":"Serveur démarré sur le port 4545","timestamp":"2025-06-26T12:44:30.677Z"}
{"level":"info","message":"Serveur démarré sur le port 4545","timestamp":"2025-06-26T12:44:36.971Z"}
{"level":"info","message":"Serveur démarré sur le port 4545","timestamp":"2025-06-26T12:46:34.106Z"}
{"level":"info","message":"Serveur démarré sur le port 4545","timestamp":"2025-06-26T12:46:39.060Z"}
{"level":"info","message":"Serveur démarré sur le port 4545","timestamp":"2025-06-26T12:46:42.613Z"}
{"level":"info","message":"Serveur démarré sur le port 4545","timestamp":"2025-06-26T12:46:46.133Z"}
{"level":"info","message":"Serveur démarré sur le port 4545","timestamp":"2025-06-26T12:46:48.763Z"}
{"level":"info","message":"GET /api/attendances 200 3081ms","meta":{"req":{"headers":{"accept":"*/*","accept-encoding":"gzip, deflate, br","connection":"keep-alive","host":"localhost:4545","postman-token":"679de826-0b07-4486-9bc8-11fb5d30e193","user-agent":"PostmanRuntime/7.44.1"},"httpVersion":"1.1","method":"GET","originalUrl":"/api/attendances","query":{},"url":"/api/attendances"},"res":{"statusCode":200},"responseTime":3081},"timestamp":"2025-06-26T12:47:14.201Z"}
{"level":"info","message":"GET /api/attendances 200 498ms","meta":{"req":{"headers":{"accept":"*/*","accept-encoding":"gzip, deflate, br","connection":"keep-alive","host":"localhost:4545","postman-token":"87a9ca39-a589-4591-8fce-5f2a17c2ee3a","user-agent":"PostmanRuntime/7.44.1"},"httpVersion":"1.1","method":"GET","originalUrl":"/api/attendances","query":{},"url":"/api/attendances"},"res":{"statusCode":200},"responseTime":498},"timestamp":"2025-06-26T12:47:51.295Z"}
{"level":"info","message":"Serveur démarré sur le port 4545","timestamp":"2025-06-26T12:49:20.177Z"}
{"level":"info","message":"Serveur démarré sur le port 4545","timestamp":"2025-06-26T12:49:32.238Z"}
{"level":"info","message":"Serveur démarré sur le port 4545","timestamp":"2025-06-26T12:50:34.878Z"}
{"level":"info","message":"Serveur démarré sur le port 4545","timestamp":"2025-06-26T12:50:45.606Z"}
{"level":"info","message":"GET /api/attendances 200 2521ms","meta":{"req":{"headers":{"accept":"*/*","accept-encoding":"gzip, deflate, br","connection":"keep-alive","host":"localhost:4545","postman-token":"130959b9-be39-40db-9167-9176568073f3","user-agent":"PostmanRuntime/7.44.1"},"httpVersion":"1.1","method":"GET","originalUrl":"/api/attendances","query":{},"url":"/api/attendances"},"res":{"statusCode":200},"responseTime":2521},"timestamp":"2025-06-26T12:51:03.328Z"}
{"level":"info","message":"Serveur démarré sur le port 4545","timestamp":"2025-06-26T12:52:49.292Z"}
{"level":"info","message":"Serveur démarré sur le port 4545","timestamp":"2025-06-26T12:53:04.903Z"}
{"level":"info","message":"GET /api/attendances 200 2429ms","meta":{"req":{"headers":{"accept":"*/*","accept-encoding":"gzip, deflate, br","connection":"keep-alive","host":"localhost:4545","postman-token":"e69c2ce8-9d3b-4fef-a08c-4e43dde9c7bd","user-agent":"PostmanRuntime/7.44.1"},"httpVersion":"1.1","method":"GET","originalUrl":"/api/attendances","query":{},"url":"/api/attendances"},"res":{"statusCode":200},"responseTime":2429},"timestamp":"2025-06-26T12:53:22.527Z"}
{"level":"info","message":"Serveur démarré sur le port 4545","timestamp":"2025-06-26T12:54:36.174Z"}
{"level":"info","message":"Serveur démarré sur le port 4545","timestamp":"2025-06-26T12:54:43.498Z"}
{"level":"info","message":"Serveur démarré sur le port 4545","timestamp":"2025-06-26T12:55:23.888Z"}
{"level":"info","message":"GET /api/attendances 200 2554ms","meta":{"req":{"headers":{"accept":"*/*","accept-encoding":"gzip, deflate, br","connection":"keep-alive","host":"localhost:4545","postman-token":"e332529b-b605-4361-a635-bc2f075304d4","user-agent":"PostmanRuntime/7.44.1"},"httpVersion":"1.1","method":"GET","originalUrl":"/api/attendances","query":{},"url":"/api/attendances"},"res":{"statusCode":200},"responseTime":2554},"timestamp":"2025-06-26T13:15:53.340Z"}
{"level":"info","message":"Serveur démarré sur le port 4545","timestamp":"2025-06-26T13:39:54.520Z"}
{"level":"info","message":"GET /api/attendances 200 2953ms","meta":{"req":{"headers":{"accept":"*/*","accept-encoding":"gzip, deflate, br","connection":"keep-alive","host":"localhost:4545","postman-token":"5bda0a03-22ce-40b6-8f53-fc08afcf28f4","user-agent":"PostmanRuntime/7.44.1"},"httpVersion":"1.1","method":"GET","originalUrl":"/api/attendances","query":{},"url":"/api/attendances"},"res":{"statusCode":200},"responseTime":2953},"timestamp":"2025-06-26T13:44:07.311Z"}
{"level":"info","message":"Serveur démarré sur le port 4545","timestamp":"2025-06-26T13:50:35.477Z"}
{"level":"info","message":"GET /api/attendances 200 3033ms","meta":{"req":{"headers":{"accept":"*/*","accept-encoding":"gzip, deflate, br","connection":"close","cookie":"token=eyJhbGciOiJIUzI1NiIsInR5cCI6IkpXVCJ9.eyJlbWFpbCI6Im11aGl5YWJlbmphbWluQGdtYWlsLmNvbSIsImlkIjo0LCJyb2xlIjoiQURNSU4iLCJpYXQiOjE3MzgzNTk2MjIsImV4cCI6MTc0MDI3MDc4MjA1Nn0.Rl6zBadZGxBs_Hn1rZpq4XTvq-hqjbXzZJWYzT5vQwA","host":"localhost:4545","user-agent":"Thunder Client (https://www.thunderclient.com)"},"httpVersion":"1.1","method":"GET","originalUrl":"/api/attendances","query":{},"url":"/api/attendances"},"res":{"statusCode":200},"responseTime":3033},"timestamp":"2025-06-26T13:50:41.185Z"}
{"level":"info","message":"GET /api/attendances 200 256ms","meta":{"req":{"headers":{"accept":"*/*","accept-encoding":"gzip, deflate, br","connection":"close","cookie":"token=eyJhbGciOiJIUzI1NiIsInR5cCI6IkpXVCJ9.eyJlbWFpbCI6Im11aGl5YWJlbmphbWluQGdtYWlsLmNvbSIsImlkIjo0LCJyb2xlIjoiQURNSU4iLCJpYXQiOjE3MzgzNTk2MjIsImV4cCI6MTc0MDI3MDc4MjA1Nn0.Rl6zBadZGxBs_Hn1rZpq4XTvq-hqjbXzZJWYzT5vQwA","host":"localhost:4545","user-agent":"Thunder Client (https://www.thunderclient.com)"},"httpVersion":"1.1","method":"GET","originalUrl":"/api/attendances","query":{},"url":"/api/attendances"},"res":{"statusCode":200},"responseTime":256},"timestamp":"2025-06-26T13:50:53.604Z"}
{"level":"info","message":"Serveur démarré sur le port 4545","timestamp":"2025-06-26T13:51:13.985Z"}
{"level":"info","message":"Serveur démarré sur le port 4545","timestamp":"2025-06-26T14:02:09.863Z"}
{"level":"info","message":"GET /api/attendances 200 2856ms","meta":{"req":{"headers":{"accept":"*/*","accept-encoding":"gzip, deflate, br","connection":"keep-alive","host":"localhost:4545","postman-token":"1b04fa3c-6d98-471e-a27f-c5cfd77721cd","user-agent":"PostmanRuntime/7.44.1"},"httpVersion":"1.1","method":"GET","originalUrl":"/api/attendances","query":{},"url":"/api/attendances"},"res":{"statusCode":200},"responseTime":2856},"timestamp":"2025-06-26T14:02:16.610Z"}
{"level":"info","message":"Serveur démarré sur le port 4545","timestamp":"2025-06-26T14:04:36.017Z"}
{"level":"info","message":"Serveur démarré sur le port 4545","timestamp":"2025-06-26T14:04:46.987Z"}
{"level":"info","message":"Serveur démarré sur le port 4545","timestamp":"2025-06-26T14:05:02.443Z"}
{"level":"info","message":"Serveur démarré sur le port 4545","timestamp":"2025-06-26T14:05:20.957Z"}
{"level":"info","message":"Serveur démarré sur le port 4545","timestamp":"2025-06-26T14:06:56.638Z"}
{"level":"info","message":"Serveur démarré sur le port 4545","timestamp":"2025-06-26T14:07:11.010Z"}
{"level":"info","message":"Serveur démarré sur le port 4545","timestamp":"2025-06-26T14:29:37.924Z"}
{"level":"info","message":"Serveur démarré sur le port 4545","timestamp":"2025-06-26T14:29:48.293Z"}
{"level":"info","message":"Serveur démarré sur le port 4545","timestamp":"2025-06-26T14:31:27.337Z"}
{"level":"info","message":"Serveur démarré sur le port 4545","timestamp":"2025-06-26T14:31:31.482Z"}
{"level":"info","message":"Serveur démarré sur le port 4545","timestamp":"2025-06-26T14:31:41.852Z"}
{"level":"info","message":"Serveur démarré sur le port 4545","timestamp":"2025-06-26T14:31:43.011Z"}
{"level":"info","message":"Serveur démarré sur le port 4545","timestamp":"2025-06-26T14:34:35.274Z"}
{"level":"info","message":"Serveur démarré sur le port 4545","timestamp":"2025-06-26T14:34:36.862Z"}
{"level":"info","message":"Serveur démarré sur le port 4545","timestamp":"2025-06-26T14:34:58.264Z"}
{"level":"info","message":"Serveur démarré sur le port 4545","timestamp":"2025-06-26T14:35:01.131Z"}
{"level":"info","message":"Serveur démarré sur le port 4545","timestamp":"2025-06-26T14:35:07.699Z"}
{"level":"info","message":"Serveur démarré sur le port 4545","timestamp":"2025-06-26T14:35:09.433Z"}
{"level":"info","message":"Serveur démarré sur le port 4545","timestamp":"2025-06-26T14:35:11.232Z"}
{"level":"info","message":"Serveur démarré sur le port 4545","timestamp":"2025-06-26T14:35:53.099Z"}
{"level":"info","message":"Serveur démarré sur le port 4545","timestamp":"2025-06-26T14:36:01.815Z"}
{"level":"info","message":"Serveur démarré sur le port 4545","timestamp":"2025-06-26T14:37:11.434Z"}
{"level":"info","message":"Serveur démarré sur le port 4545","timestamp":"2025-06-26T14:37:15.545Z"}
{"level":"info","message":"GET /api/attendances 200 2794ms","meta":{"req":{"headers":{"accept":"*/*","accept-encoding":"gzip, deflate, br","connection":"keep-alive","host":"localhost:4545","postman-token":"7710fe35-8066-4b0d-8e30-109c2e49d612","user-agent":"PostmanRuntime/7.44.1"},"httpVersion":"1.1","method":"GET","originalUrl":"/api/attendances","query":{},"url":"/api/attendances"},"res":{"statusCode":200},"responseTime":2794},"timestamp":"2025-06-26T14:37:51.781Z"}
{"level":"info","message":"GET /api/attendances 200 260ms","meta":{"req":{"headers":{"accept":"*/*","accept-encoding":"gzip, deflate, br","connection":"keep-alive","host":"localhost:4545","postman-token":"477056ed-d2aa-42f3-a525-8fbeeb002019","user-agent":"PostmanRuntime/7.44.1"},"httpVersion":"1.1","method":"GET","originalUrl":"/api/attendances","query":{},"url":"/api/attendances"},"res":{"statusCode":200},"responseTime":260},"timestamp":"2025-06-26T14:37:54.829Z"}
{"level":"info","message":"Serveur démarré sur le port 4545","timestamp":"2025-06-26T14:39:59.569Z"}
{"level":"info","message":"Serveur démarré sur le port 4545","timestamp":"2025-06-26T14:40:11.838Z"}
{"level":"info","message":"Serveur démarré sur le port 4545","timestamp":"2025-06-26T14:41:47.910Z"}
{"level":"info","message":"Serveur démarré sur le port 4545","timestamp":"2025-06-26T14:42:03.257Z"}
{"level":"info","message":"Serveur démarré sur le port 4545","timestamp":"2025-06-26T14:42:13.960Z"}
{"level":"info","message":"Serveur démarré sur le port 4545","timestamp":"2025-06-26T14:42:19.629Z"}
{"level":"info","message":"Serveur démarré sur le port 4545","timestamp":"2025-06-26T14:42:25.786Z"}
{"level":"info","message":"Serveur démarré sur le port 4545","timestamp":"2025-06-26T14:46:28.544Z"}
{"level":"info","message":"Serveur démarré sur le port 4545","timestamp":"2025-06-26T14:46:29.848Z"}
{"level":"info","message":"Serveur démarré sur le port 4545","timestamp":"2025-06-26T14:46:46.215Z"}
{"level":"info","message":"GET /api/attendances 200 2516ms","meta":{"req":{"headers":{"accept":"*/*","accept-encoding":"gzip, deflate, br","connection":"keep-alive","host":"localhost:4545","postman-token":"8b32e035-8c52-4ac2-a950-1d050cdb3aa1","user-agent":"PostmanRuntime/7.44.1"},"httpVersion":"1.1","method":"GET","originalUrl":"/api/attendances","query":{},"url":"/api/attendances"},"res":{"statusCode":200},"responseTime":2516},"timestamp":"2025-06-26T14:47:12.379Z"}
{"level":"info","message":"GET /api/attendances 200 263ms","meta":{"req":{"headers":{"accept":"*/*","accept-encoding":"gzip, deflate, br","connection":"keep-alive","host":"localhost:4545","postman-token":"81013075-c136-486c-a4c7-8803e621d633","user-agent":"PostmanRuntime/7.44.1"},"httpVersion":"1.1","method":"GET","originalUrl":"/api/attendances","query":{},"url":"/api/attendances"},"res":{"statusCode":200},"responseTime":263},"timestamp":"2025-06-26T14:47:15.294Z"}
{"level":"info","message":"GET /api/attendances 200 244ms","meta":{"req":{"headers":{"accept":"*/*","accept-encoding":"gzip, deflate, br","connection":"keep-alive","host":"localhost:4545","postman-token":"5c326f3d-6996-4700-a899-7c71d54848e0","user-agent":"PostmanRuntime/7.44.1"},"httpVersion":"1.1","method":"GET","originalUrl":"/api/attendances","query":{},"url":"/api/attendances"},"res":{"statusCode":200},"responseTime":244},"timestamp":"2025-06-26T14:47:18.714Z"}
{"level":"info","message":"Serveur démarré sur le port 4545","timestamp":"2025-06-26T14:48:48.889Z"}
{"level":"info","message":"Serveur démarré sur le port 4545","timestamp":"2025-06-26T14:48:51.721Z"}
{"level":"info","message":"Serveur démarré sur le port 4545","timestamp":"2025-06-26T14:49:10.594Z"}
{"level":"info","message":"Serveur démarré sur le port 4545","timestamp":"2025-06-26T14:51:59.363Z"}
{"level":"info","message":"Serveur démarré sur le port 4545","timestamp":"2025-06-26T14:52:01.514Z"}
{"level":"info","message":"Serveur démarré sur le port 4545","timestamp":"2025-06-26T14:52:05.761Z"}
{"level":"info","message":"Serveur démarré sur le port 4545","timestamp":"2025-06-26T14:52:07.124Z"}
{"level":"info","message":"Serveur démarré sur le port 4545","timestamp":"2025-06-26T14:52:10.259Z"}
{"level":"info","message":"Serveur démarré sur le port 4545","timestamp":"2025-06-26T14:53:24.414Z"}
{"level":"info","message":"Serveur démarré sur le port 4545","timestamp":"2025-06-26T14:53:29.914Z"}
{"level":"info","message":"GET /api/attendances 200 2167ms","meta":{"req":{"headers":{"accept":"*/*","accept-encoding":"gzip, deflate, br","connection":"keep-alive","host":"localhost:4545","postman-token":"67a10ff5-75f0-44c0-b8a6-e3c7abb39022","user-agent":"PostmanRuntime/7.44.1"},"httpVersion":"1.1","method":"GET","originalUrl":"/api/attendances","query":{},"url":"/api/attendances"},"res":{"statusCode":200},"responseTime":2167},"timestamp":"2025-06-26T14:54:23.973Z"}
{"level":"info","message":"Serveur démarré sur le port 4545","timestamp":"2025-06-26T14:57:54.878Z"}
{"level":"info","message":"GET /api/attendances 200 2206ms","meta":{"req":{"headers":{"accept":"*/*","accept-encoding":"gzip, deflate, br","connection":"keep-alive","host":"localhost:4545","postman-token":"e32fa276-d077-4262-aafd-24aa65c409c1","user-agent":"PostmanRuntime/7.44.1"},"httpVersion":"1.1","method":"GET","originalUrl":"/api/attendances","query":{},"url":"/api/attendances"},"res":{"statusCode":200},"responseTime":2206},"timestamp":"2025-06-26T14:58:14.268Z"}
{"level":"info","message":"Serveur démarré sur le port 4545","timestamp":"2025-06-26T14:58:58.480Z"}
{"level":"info","message":"Serveur démarré sur le port 4545","timestamp":"2025-06-26T14:59:00.686Z"}
{"level":"info","message":"Serveur démarré sur le port 4545","timestamp":"2025-06-26T14:59:13.250Z"}
{"level":"info","message":"Serveur démarré sur le port 4545","timestamp":"2025-06-26T15:03:21.614Z"}
{"level":"info","message":"Serveur démarré sur le port 4545","timestamp":"2025-06-26T15:03:30.046Z"}
{"level":"info","message":"Serveur démarré sur le port 4545","timestamp":"2025-06-26T15:03:36.890Z"}
{"level":"info","message":"GET /api/attendances/users 200 2294ms","meta":{"req":{"headers":{"accept":"*/*","accept-encoding":"gzip, deflate, br","connection":"keep-alive","host":"localhost:4545","postman-token":"6f6bc633-0ac9-46f6-b2cf-8342fe57c17b","user-agent":"PostmanRuntime/7.44.1"},"httpVersion":"1.1","method":"GET","originalUrl":"/api/attendances/users","query":{},"url":"/api/attendances/users"},"res":{"statusCode":200},"responseTime":2294},"timestamp":"2025-06-26T15:03:55.363Z"}
{"level":"info","message":"Serveur démarré sur le port 4545","timestamp":"2025-06-26T15:06:40.808Z"}
{"level":"info","message":"GET /api/attendances 200 2675ms","meta":{"req":{"headers":{"accept":"*/*","accept-encoding":"gzip, deflate, br","connection":"keep-alive","host":"localhost:4545","postman-token":"b0b6e2b7-c684-4714-9d58-6c7c46970d56","user-agent":"PostmanRuntime/7.44.1"},"httpVersion":"1.1","method":"GET","originalUrl":"/api/attendances","query":{},"url":"/api/attendances"},"res":{"statusCode":200},"responseTime":2675},"timestamp":"2025-06-26T15:06:48.504Z"}
{"level":"info","message":"GET /api/attendances/users 200 2356ms","meta":{"req":{"headers":{"accept":"*/*","accept-encoding":"gzip, deflate, br","connection":"keep-alive","host":"localhost:4545","postman-token":"5414e5dd-a65d-4ce2-affb-c3392b7e2c8f","user-agent":"PostmanRuntime/7.44.1"},"httpVersion":"1.1","method":"GET","originalUrl":"/api/attendances/users","query":{},"url":"/api/attendances/users"},"res":{"statusCode":200},"responseTime":2356},"timestamp":"2025-06-26T15:07:10.494Z"}
{"level":"info","message":"Serveur démarré sur le port 4545","timestamp":"2025-06-26T15:07:44.674Z"}
{"level":"info","message":"Serveur démarré sur le port 4545","timestamp":"2025-06-26T15:08:26.535Z"}
{"level":"info","message":"Serveur démarré sur le port 4545","timestamp":"2025-06-26T15:08:29.582Z"}
{"level":"info","message":"Serveur démarré sur le port 4545","timestamp":"2025-06-26T15:08:52.158Z"}
{"level":"info","message":"Serveur démarré sur le port 4545","timestamp":"2025-06-26T15:09:01.446Z"}
{"level":"info","message":"Serveur démarré sur le port 4545","timestamp":"2025-06-26T15:09:06.772Z"}
{"level":"info","message":"Serveur démarré sur le port 4545","timestamp":"2025-06-26T15:09:28.649Z"}
{"level":"info","message":"Serveur démarré sur le port 4545","timestamp":"2025-06-26T15:09:31.802Z"}
{"level":"info","message":"Serveur démarré sur le port 4545","timestamp":"2025-06-26T15:09:38.228Z"}
{"level":"info","message":"Serveur démarré sur le port 4545","timestamp":"2025-06-26T15:09:39.178Z"}
{"level":"info","message":"Serveur démarré sur le port 4545","timestamp":"2025-06-26T15:10:04.256Z"}
{"level":"info","message":"Serveur démarré sur le port 4545","timestamp":"2025-06-26T15:10:19.007Z"}
{"level":"info","message":"Serveur démarré sur le port 4545","timestamp":"2025-06-26T15:10:21.067Z"}
{"level":"info","message":"Serveur démarré sur le port 4545","timestamp":"2025-06-26T15:10:24.649Z"}
{"level":"info","message":"Serveur démarré sur le port 4545","timestamp":"2025-06-26T15:10:26.048Z"}
{"level":"info","message":"Serveur démarré sur le port 4545","timestamp":"2025-06-26T15:11:23.997Z"}
{"level":"info","message":"Serveur démarré sur le port 4545","timestamp":"2025-06-26T15:11:26.850Z"}
{"level":"info","message":"Serveur démarré sur le port 4545","timestamp":"2025-06-26T15:11:31.298Z"}
{"level":"info","message":"Serveur démarré sur le port 4545","timestamp":"2025-06-26T15:12:03.567Z"}
{"level":"info","message":"Serveur démarré sur le port 4545","timestamp":"2025-06-26T15:12:15.415Z"}
{"level":"info","message":"GET /api/zkteco/users 404 6ms","meta":{"req":{"headers":{"accept":"*/*","accept-encoding":"gzip, deflate, br","connection":"keep-alive","host":"localhost:4545","postman-token":"2801a746-2809-4028-8289-49762c4d8a6c","user-agent":"PostmanRuntime/7.44.1"},"httpVersion":"1.1","method":"GET","originalUrl":"/api/zkteco/users","query":{},"url":"/api/zkteco/users"},"res":{"statusCode":404},"responseTime":6},"timestamp":"2025-06-26T15:12:26.753Z"}
{"level":"info","message":"Serveur démarré sur le port 4545","timestamp":"2025-06-26T15:14:25.562Z"}
{"level":"info","message":"Serveur démarré sur le port 4545","timestamp":"2025-06-26T15:15:01.234Z"}
{"level":"info","message":"Serveur démarré sur le port 4545","timestamp":"2025-06-26T15:15:23.139Z"}
{"level":"info","message":"Serveur démarré sur le port 4545","timestamp":"2025-06-26T15:15:28.122Z"}
{"level":"info","message":"GET /api/zkteco/users 404 5ms","meta":{"req":{"headers":{"accept":"*/*","accept-encoding":"gzip, deflate, br","connection":"keep-alive","host":"localhost:4545","postman-token":"c937e745-23c5-42ad-9be8-b4abd2708606","user-agent":"PostmanRuntime/7.44.1"},"httpVersion":"1.1","method":"GET","originalUrl":"/api/zkteco/users","query":{},"url":"/api/zkteco/users"},"res":{"statusCode":404},"responseTime":5},"timestamp":"2025-06-26T15:15:39.121Z"}
{"level":"info","message":"Serveur démarré sur le port 4545","timestamp":"2025-06-26T15:16:12.220Z"}
{"level":"info","message":"Serveur démarré sur le port 4545","timestamp":"2025-06-26T15:16:30.086Z"}
{"level":"info","message":"Serveur démarré sur le port 4545","timestamp":"2025-06-26T15:17:26.810Z"}
{"level":"info","message":"Serveur démarré sur le port 4545","timestamp":"2025-06-26T15:17:32.040Z"}
{"level":"info","message":"GET /api/zkteco/users 200 2810ms","meta":{"req":{"headers":{"accept":"*/*","accept-encoding":"gzip, deflate, br","connection":"keep-alive","host":"localhost:4545","postman-token":"b7110734-ab81-4125-b1f6-f968112d1134","user-agent":"PostmanRuntime/7.44.1"},"httpVersion":"1.1","method":"GET","originalUrl":"/api/zkteco/users","query":{},"url":"/api/zkteco/users"},"res":{"statusCode":200},"responseTime":2810},"timestamp":"2025-06-26T15:17:52.570Z"}
{"level":"info","message":"Serveur démarré sur le port 4545","timestamp":"2025-06-26T15:19:15.821Z"}
{"level":"info","message":"Serveur démarré sur le port 4545","timestamp":"2025-06-26T15:19:22.379Z"}
{"level":"info","message":"Serveur démarré sur le port 4545","timestamp":"2025-06-26T15:19:28.574Z"}
{"level":"info","message":"GET /api/zkteco/users/show 200 4750ms","meta":{"req":{"headers":{"accept":"*/*","accept-encoding":"gzip, deflate, br","connection":"keep-alive","host":"localhost:4545","postman-token":"385c9b6e-dc42-447b-93d8-eec5db0047e5","user-agent":"PostmanRuntime/7.44.1"},"httpVersion":"1.1","method":"GET","originalUrl":"/api/zkteco/users/show","query":{},"url":"/api/zkteco/users/show"},"res":{"statusCode":200},"responseTime":4750},"timestamp":"2025-06-26T15:19:40.105Z"}
{"level":"info","message":"Serveur démarré sur le port 4545","timestamp":"2025-06-26T15:19:52.119Z"}
{"level":"info","message":"GET /api/zkteco/users/show 404 4ms","meta":{"req":{"headers":{"accept":"*/*","accept-encoding":"gzip, deflate, br","connection":"keep-alive","host":"localhost:4545","postman-token":"abbab4a2-5247-4992-8c9a-344dcf8b5d3f","user-agent":"PostmanRuntime/7.44.1"},"httpVersion":"1.1","method":"GET","originalUrl":"/api/zkteco/users/show","query":{},"url":"/api/zkteco/users/show"},"res":{"statusCode":404},"responseTime":4},"timestamp":"2025-06-26T15:19:54.898Z"}
{"level":"info","message":"GET /api/zkteco/users/ 200 2362ms","meta":{"req":{"headers":{"accept":"*/*","accept-encoding":"gzip, deflate, br","connection":"keep-alive","host":"localhost:4545","postman-token":"1a16113f-a521-4c62-ad1b-24eb49928102","user-agent":"PostmanRuntime/7.44.1"},"httpVersion":"1.1","method":"GET","originalUrl":"/api/zkteco/users/","query":{},"url":"/api/zkteco/users/"},"res":{"statusCode":200},"responseTime":2362},"timestamp":"2025-06-26T15:20:00.450Z"}
{"level":"info","message":"Serveur démarré sur le port 4545","timestamp":"2025-06-26T21:50:46.569Z"}
{"level":"info","message":"Serveur démarré sur le port 4545","timestamp":"2025-06-26T21:53:53.172Z"}
{"level":"info","message":"Serveur démarré sur le port 4545","timestamp":"2025-06-26T21:54:01.856Z"}
{"level":"info","message":"Serveur démarré sur le port 4545","timestamp":"2025-06-26T21:54:14.252Z"}
{"level":"info","message":"GET /api/zkteco/users/ 200 2540ms","meta":{"req":{"headers":{"accept":"*/*","accept-encoding":"gzip, deflate, br","connection":"keep-alive","host":"localhost:4545","postman-token":"d7d2bb70-d38d-4bec-9aa1-72df641f9a9d","user-agent":"PostmanRuntime/7.44.1"},"httpVersion":"1.1","method":"GET","originalUrl":"/api/zkteco/users/","query":{},"url":"/api/zkteco/users/"},"res":{"statusCode":200},"responseTime":2540},"timestamp":"2025-06-26T21:55:06.962Z"}
{"level":"info","message":"GET /api/zkteco/users/ 200 263ms","meta":{"req":{"headers":{"accept":"*/*","accept-encoding":"gzip, deflate, br","connection":"keep-alive","host":"localhost:4545","postman-token":"d2cda19c-678e-432a-becf-2eedc4524804","user-agent":"PostmanRuntime/7.44.1"},"httpVersion":"1.1","method":"GET","originalUrl":"/api/zkteco/users/","query":{},"url":"/api/zkteco/users/"},"res":{"statusCode":200},"responseTime":263},"timestamp":"2025-06-26T21:55:10.481Z"}
{"level":"info","message":"Serveur démarré sur le port 4545","timestamp":"2025-06-26T21:56:22.223Z"}
{"level":"info","message":"Serveur démarré sur le port 4545","timestamp":"2025-06-26T21:56:45.807Z"}
{"level":"info","message":"GET /api/zkteco/users/ 200 2546ms","meta":{"req":{"headers":{"accept":"*/*","accept-encoding":"gzip, deflate, br","connection":"keep-alive","host":"localhost:4545","postman-token":"a5d42d6c-758c-484d-be68-d39ec23f7524","user-agent":"PostmanRuntime/7.44.1"},"httpVersion":"1.1","method":"GET","originalUrl":"/api/zkteco/users/","query":{},"url":"/api/zkteco/users/"},"res":{"statusCode":200},"responseTime":2546},"timestamp":"2025-06-26T21:57:20.809Z"}
{"level":"info","message":"Serveur démarré sur le port 4545","timestamp":"2025-06-26T22:01:32.980Z"}
{"level":"info","message":"Serveur démarré sur le port 4545","timestamp":"2025-06-26T22:02:12.879Z"}
{"level":"info","message":"Serveur démarré sur le port 4545","timestamp":"2025-06-26T22:02:28.136Z"}
{"level":"info","message":"Serveur démarré sur le port 4545","timestamp":"2025-06-26T22:09:07.379Z"}
{"level":"info","message":"Serveur démarré sur le port 4545","timestamp":"2025-06-26T22:09:14.051Z"}
{"level":"info","message":"Serveur démarré sur le port 4545","timestamp":"2025-06-26T22:09:23.850Z"}
{"level":"info","message":"Serveur démarré sur le port 4545","timestamp":"2025-06-26T22:09:54.004Z"}
{"level":"info","message":"GET /api/zkteco/users/ 200 2648ms","meta":{"req":{"headers":{"accept":"*/*","accept-encoding":"gzip, deflate, br","connection":"keep-alive","host":"localhost:4545","postman-token":"3f91ffc4-6ce5-4867-b8d8-54054a019b1b","user-agent":"PostmanRuntime/7.44.1"},"httpVersion":"1.1","method":"GET","originalUrl":"/api/zkteco/users/","query":{},"url":"/api/zkteco/users/"},"res":{"statusCode":200},"responseTime":2648},"timestamp":"2025-06-26T22:10:23.134Z"}
{"level":"info","message":"Serveur démarré sur le port 4545","timestamp":"2025-07-01T17:07:46.522Z"}
{"level":"info","message":"Serveur démarré sur le port 4545","timestamp":"2025-07-01T17:15:43.180Z"}
{"level":"info","message":"Serveur démarré sur le port 4545","timestamp":"2025-07-01T17:16:48.693Z"}
{"level":"info","message":"Serveur démarré sur le port 4545","timestamp":"2025-07-01T17:17:10.879Z"}
{"level":"info","message":"Serveur démarré sur le port 4545","timestamp":"2025-07-01T17:17:32.665Z"}
{"level":"info","message":"Serveur démarré sur le port 4545","timestamp":"2025-07-01T17:17:53.341Z"}
{"level":"info","message":"Serveur démarré sur le port 4545","timestamp":"2025-07-01T17:22:56.997Z"}
{"level":"info","message":"Serveur démarré sur le port 4545","timestamp":"2025-07-01T17:29:20.440Z"}
{"level":"info","message":"GET /api/zkteco/users/ 200 2438ms","meta":{"req":{"headers":{"accept":"*/*","accept-encoding":"gzip, deflate, br","connection":"keep-alive","host":"localhost:4545","postman-token":"39ef9e9b-05ba-4225-b973-b4bcc175434d","user-agent":"PostmanRuntime/7.44.1"},"httpVersion":"1.1","method":"GET","originalUrl":"/api/zkteco/users/","query":{},"url":"/api/zkteco/users/"},"res":{"statusCode":200},"responseTime":2438},"timestamp":"2025-07-01T17:29:25.457Z"}
{"level":"info","message":"Serveur démarré sur le port 4545","timestamp":"2025-07-01T17:35:01.894Z"}
{"level":"info","message":"Serveur démarré sur le port 4545","timestamp":"2025-07-01T17:35:35.208Z"}
{"level":"info","message":"Serveur démarré sur le port 4545","timestamp":"2025-07-01T17:35:48.550Z"}
{"level":"info","message":"Serveur démarré sur le port 4545","timestamp":"2025-07-01T17:35:58.456Z"}
{"level":"info","message":"Serveur démarré sur le port 4545","timestamp":"2025-07-01T17:36:08.028Z"}
{"level":"info","message":"Serveur démarré sur le port 4545","timestamp":"2025-07-01T17:36:11.592Z"}
{"level":"info","message":"Serveur démarré sur le port 4545","timestamp":"2025-07-01T17:38:15.184Z"}
{"level":"info","message":"Serveur démarré sur le port 4545","timestamp":"2025-07-01T17:38:37.254Z"}
{"level":"info","message":"Serveur démarré sur le port 4545","timestamp":"2025-07-01T17:38:41.521Z"}
{"level":"info","message":"GET /api/zkteco/users/ 200 2946ms","meta":{"req":{"headers":{"accept":"*/*","accept-encoding":"gzip, deflate, br","connection":"keep-alive","host":"localhost:4545","postman-token":"c307d1a6-a251-4039-ad35-8dc249680a91","user-agent":"PostmanRuntime/7.44.1"},"httpVersion":"1.1","method":"GET","originalUrl":"/api/zkteco/users/","query":{},"url":"/api/zkteco/users/"},"res":{"statusCode":200},"responseTime":2946},"timestamp":"2025-07-01T17:38:54.626Z"}
{"level":"info","message":"GET /api/zkteco/users/ 200 504ms","meta":{"req":{"headers":{"accept":"*/*","accept-encoding":"gzip, deflate, br","connection":"keep-alive","host":"localhost:4545","postman-token":"b3328839-05eb-4e03-9800-7766bb951aa2","user-agent":"PostmanRuntime/7.44.1"},"httpVersion":"1.1","method":"GET","originalUrl":"/api/zkteco/users/","query":{},"url":"/api/zkteco/users/"},"res":{"statusCode":200},"responseTime":504},"timestamp":"2025-07-01T17:39:02.415Z"}
{"level":"info","message":"GET /api/zkteco/users/ 200 854ms","meta":{"req":{"headers":{"accept":"*/*","accept-encoding":"gzip, deflate, br","connection":"keep-alive","host":"localhost:4545","postman-token":"e54ae78e-6f11-4ef1-8c6e-a4de4779b460","user-agent":"PostmanRuntime/7.44.1"},"httpVersion":"1.1","method":"GET","originalUrl":"/api/zkteco/users/","query":{},"url":"/api/zkteco/users/"},"res":{"statusCode":200},"responseTime":854},"timestamp":"2025-07-01T17:39:33.284Z"}
{"level":"info","message":"GET /api/zkteco/attendances/ 200 2168ms","meta":{"req":{"headers":{"accept":"*/*","accept-encoding":"gzip, deflate, br","connection":"keep-alive","host":"localhost:4545","postman-token":"34177e83-1b7f-4ff4-856a-a468fbb670a9","user-agent":"PostmanRuntime/7.44.1"},"httpVersion":"1.1","method":"GET","originalUrl":"/api/zkteco/attendances/","query":{},"url":"/api/zkteco/attendances/"},"res":{"statusCode":200},"responseTime":2168},"timestamp":"2025-07-01T17:40:51.118Z"}
{"level":"info","message":"GET /api/zkteco/users/ 500 10026ms","meta":{"req":{"headers":{"accept":"*/*","accept-encoding":"gzip, deflate, br","connection":"keep-alive","host":"localhost:4545","postman-token":"899445c7-982e-4b16-a34e-2ac0b19803ac","user-agent":"PostmanRuntime/7.44.1"},"httpVersion":"1.1","method":"GET","originalUrl":"/api/zkteco/users/","query":{},"url":"/api/zkteco/users/"},"res":{"statusCode":500},"responseTime":10026},"timestamp":"2025-07-01T17:41:06.437Z"}
{"level":"info","message":"GET /api/zkteco/users/ 200 2715ms","meta":{"req":{"headers":{"accept":"*/*","accept-encoding":"gzip, deflate, br","connection":"keep-alive","host":"localhost:4545","postman-token":"8d73a447-d375-489f-ad2f-c5517c465a43","user-agent":"PostmanRuntime/7.44.1"},"httpVersion":"1.1","method":"GET","originalUrl":"/api/zkteco/users/","query":{},"url":"/api/zkteco/users/"},"res":{"statusCode":200},"responseTime":2715},"timestamp":"2025-07-01T17:41:12.950Z"}
{"level":"info","message":"GET /api/zkteco/users/ 500 10081ms","meta":{"req":{"headers":{"accept":"*/*","accept-encoding":"gzip, deflate, br","connection":"keep-alive","host":"localhost:4545","postman-token":"155e5573-fef7-4952-ab76-693b0f9e998b","user-agent":"PostmanRuntime/7.44.1"},"httpVersion":"1.1","method":"GET","originalUrl":"/api/zkteco/users/","query":{},"url":"/api/zkteco/users/"},"res":{"statusCode":500},"responseTime":10081},"timestamp":"2025-07-01T17:43:58.477Z"}
{"level":"info","message":"GET /api/zkteco/users/ 200 2962ms","meta":{"req":{"headers":{"accept":"*/*","accept-encoding":"gzip, deflate, br","connection":"keep-alive","host":"localhost:4545","postman-token":"fb90a240-b8e3-47d6-9c03-1b59d7f0fde9","user-agent":"PostmanRuntime/7.44.1"},"httpVersion":"1.1","method":"GET","originalUrl":"/api/zkteco/users/","query":{},"url":"/api/zkteco/users/"},"res":{"statusCode":200},"responseTime":2962},"timestamp":"2025-07-01T17:44:14.779Z"}
{"level":"info","message":"Serveur démarré sur le port 4545","timestamp":"2025-07-01T17:44:27.316Z"}
{"level":"info","message":"GET /api/zkteco/users/ 200 2814ms","meta":{"req":{"headers":{"accept":"*/*","accept-encoding":"gzip, deflate, br","connection":"keep-alive","host":"localhost:4545","postman-token":"560f0f6e-5fc9-44ef-8d6c-f749ec6b9872","user-agent":"PostmanRuntime/7.44.1"},"httpVersion":"1.1","method":"GET","originalUrl":"/api/zkteco/users/","query":{},"url":"/api/zkteco/users/"},"res":{"statusCode":200},"responseTime":2814},"timestamp":"2025-07-01T17:44:34.473Z"}
{"level":"info","message":"Serveur démarré sur le port 4545","timestamp":"2025-07-01T17:45:17.626Z"}
